     1                                  ; Chapter 7, exercise 7
     2                                  ; Sum of squares program
     3                                  ;
     4                                  ; Compute the sum of squares from 1 to n
     5                                  
     6                                  DEFAULT REL
     7                                  
     8                                  ; *************************
     9                                  
    10                                  section     .data
    11                                  
    12                                  ; Constants
    13                                  SUCCESS     equ     0
    14                                  SYS_exit    equ     0x2000001
    15                                  
    16                                  ; Variables
    17 00000000 03                      n           db      3
    18 00000001 00000000                sum         dd      0
    19                                  
    20                                  ; *************************
    21                                  
    22                                  section     .text
    23                                  global _start
    24                                  _start:
    25                                  
    26 00000000 8B0D(00000000)              mov     ecx, [n]                    ; Initialize counter register (decremented by loop)
    27                                  
    28                                  startOfLoop:
    29                                  
    30 00000006 89C8                        mov     eax, ecx                    ; Prepare to square n by moving the counter to eax
    31 00000008 F7E0                        mul     eax                         ; counter ^ 2
    32 0000000A 0105(01000000)              add     dword [sum], eax            ; Add (counter ^ 2) to the total sum
    33 00000010 E2F4                        loop    startOfLoop
    34                                  
    35                                  exit:
    36 00000012 B801000002                  mov     rax, SYS_exit
    37 00000017 BF00000000                  mov     rdi, SUCCESS
    38 0000001C 0F05                        syscall
