     1                                  default rel
     2                                  extern  stats2
     3                                  
     4                                  ; **************************
     5                                  
     6                                  section     .data
     7                                  
     8                                  SUCCESS     equ     0
     9                                  SYS_exit    equ     0x2000001
    10                                  
    11 00000000 E8030000F2030000FC-     arr         dd      1000, 1010, 1020, 1030, 1040
    11 00000009 030000060400001004-
    11 00000012 0000               
    12 00000014 1A040000240400002E-                 dd      1050, 1060, 1070, 1080, 1090, 1100
    12 0000001D 040000380400004204-
    12 00000026 00004C040000       
    13                                  
    14 0000002C 0B000000                len         dd      11
    15 00000030 FFFFFF7F                min         dd      0x7fffffff
    16 00000034 00000000                med         dd      0
    17 00000038 00000000                max         dd      0
    18 0000003C 00000000                sum         dd      0
    19 00000040 00000000                ave         dd      0
    20                                  
    21                                  ; **************************
    22                                  
    23                                  section     .text
    24                                  global _start
    25                                  _start:
    26                                  
    27 00000000 4C8D15(40000000)            lea     r10, [ave]
    28 00000007 4152                        push    r10
    29 00000009 4889E5                      mov     rbp, rsp
    30 0000000C 55                          push    rbp
    31                                  
    32 0000000D 4C8D0D(3C000000)            lea     r9, [sum]
    33 00000014 4C8D05(38000000)            lea     r8, [max]
    34 0000001B 488D0D(34000000)            lea     rcx, [med]
    35 00000022 488D15(30000000)            lea     rdx, [min]
    36 00000029 8B35(2C000000)              mov     esi, [len]
    37 0000002F 488D3D(00000000)            lea     rdi, [arr]
    38 00000036 E8(00000000)                call    stats2
    39                                  
    40                                  exit:
    41                                  
    42 0000003B B801000002                  mov     rax, SYS_exit
    43 00000040 BF00000000                  mov     rdi, SUCCESS
    44 00000045 0F05                        syscall
