     1                                  ; Call the stats1 function
     2                                  
     3                                  default     rel
     4                                  extern      stats1
     5                                  
     6                                  ; *******************
     7                                  
     8                                  section     .data
     9                                  
    10                                  SUCCESS     equ     0
    11                                  SYS_exit    equ     0x2000001
    12                                  
    13 00000000 E8030000A0110000DA-     arr         dd      1000, 4512, 3290, 1004, 5683
    13 00000009 0C0000EC0300003316-
    13 00000012 0000               
    14 00000014 AD260000960800006A-                 dd      9901, 2198, 5738, 5711, 2099
    14 0000001D 1600004F1600003308-
    14 00000026 0000               
    15                                  
    16 00000028 0A000000                len         dd      10
    17 0000002C 00000000                sum         dd      0
    18 00000030 00000000                ave         dd      0
    19                                  
    20                                  ; *******************
    21                                  
    22                                  section     .text
    23                                  global _start
    24                                  _start:
    25                                  
    26 00000000 488D0D(30000000)            lea     rcx, ave
    27 00000007 488D15(2C000000)            lea     rdx, sum
    28 0000000E 8B35(28000000)              mov     esi, [len]
    29 00000014 488D3D(00000000)            lea     rdi, arr
    30 0000001B E8(00000000)                call    stats1
    31                                  
    32                                  exit:
    33 00000020 B801000002                  mov     rax, SYS_exit
    34 00000025 BF00000000                  mov     rdi, SUCCESS
    35 0000002A 0F05                        syscall
