     1                                  ; Chapter 9, exercise 1
     2                                  ; A program that reverses a list of numbers
     3                                  
     4                                  default rel
     5                                  
     6                                  ; ***************************
     7                                  
     8                                  section     .data
     9                                  
    10                                  ; Constants
    11                                  SUCCESS     equ     0
    12                                  SYS_exit    equ     0x2000001
    13                                  
    14                                  ; Variables
    15                                  
    16 00000000 E8030000E9030000EA-     lst         dd      1000, 1001, 1002, 1003, 1004
    16 00000009 030000EB030000EC03-
    16 00000012 0000               
    17 00000014 ED030000EE030000EF-                 dd      1005, 1006, 1007, 1008, 1009
    17 0000001D 030000F0030000F103-
    17 00000026 0000               
    18 00000028 F2030000F3030000F4-                 dd      1010, 1011, 1012, 1013, 1014
    18 00000031 030000F5030000F603-
    18 0000003A 0000               
    19 0000003C F7030000F8030000F9-                 dd      1015, 1016, 1017, 1018, 1019
    19 00000045 030000FA030000FB03-
    19 0000004E 0000               
    20                                  
    21 00000050 14                      len         db      20
    22                                  
    23                                  ; ***************************
    24                                  
    25                                  section     .text
    26                                  global _start
    27                                  _start:
    28                                  
    29 00000000 8A0D(50000000)              mov     cl, [len]                       ; loop counter
    30 00000006 4C8D05(00000000)            lea     r8, [lst]                       ; address of lst
    31 0000000D 41B900000000                mov     r9, 0                           ; r9 is displacement
    32                                  
    33                                  pushLoop:
    34                                  
    35 00000013 438B0488                    mov     eax, [r8 + r9*4]
    36 00000017 50                          push    rax
    37 00000018 49FFC1                      inc     r9
    38 0000001B E2F6                        loop    pushLoop
    39 0000001D 8A0D(50000000)              mov     cl, [len]
    40 00000023 41B900000000                mov     r9, 0
    41                                  
    42                                  popLoop:
    43                                  
    44 00000029 438F0488                    pop     qword [r8 + r9*4]
    45 0000002D 49FFC1                      inc     r9
    46 00000030 E2F7                        loop    popLoop
    47                                  
    48                                  exit:
    49 00000032 B801000002                  mov     rax, SYS_exit
    50 00000037 BF00000000                  mov     rdi, SUCCESS
    51 0000003C 0F05                        syscall
